#
# There is insufficient memory for the Java Runtime Environment to continue.
# Native memory allocation (malloc) failed to allocate 632336 bytes for Chunk::new
# Possible reasons:
#   The system is out of physical RAM or swap space
#   The process is running with CompressedOops enabled, and the Java Heap may be blocking the growth of the native heap
# Possible solutions:
#   Reduce memory load on the system
#   Increase physical memory or swap space
#   Check if swap backing store is full
#   Decrease Java heap size (-Xmx/-Xms)
#   Decrease number of Java threads
#   Decrease Java thread stack sizes (-Xss)
#   Set larger code cache with -XX:ReservedCodeCacheSize=
#   JVM is running with Unscaled Compressed Oops mode in which the Java heap is
#     placed in the first 4GB address space. The Java Heap base address is the
#     maximum limit for the native heap growth. Please use -XX:HeapBaseMinAddress
#     to set the Java Heap base and to place the Java Heap above 4GB virtual address.
# This output file may be truncated or incomplete.
#
#  Out of Memory Error (allocation.cpp:389), pid=7020, tid=0x00000000000013b0
#
# JRE version: Java(TM) SE Runtime Environment (8.0_271-b09) (build 1.8.0_271-b09)
# Java VM: Java HotSpot(TM) 64-Bit Server VM (25.271-b09 mixed mode windows-amd64 compressed oops)
# Failed to write core dump. Minidumps are not enabled by default on client versions of Windows
#

---------------  T H R E A D  ---------------

Current thread (0x0000026ba19b7000):  JavaThread "C2 CompilerThread0" daemon [_thread_in_native, id=5040, stack(0x000000ab49b00000,0x000000ab49c00000)]

Stack: [0x000000ab49b00000,0x000000ab49c00000]
Native frames: (J=compiled Java code, j=interpreted, Vv=VM code, C=native code)
V  [jvm.dll+0x33f6c9]
V  [jvm.dll+0x286122]
V  [jvm.dll+0x286dcd]
V  [jvm.dll+0x27d805]
V  [jvm.dll+0xe574c]
V  [jvm.dll+0xe5f4c]
V  [jvm.dll+0x480043]
V  [jvm.dll+0x44794e]
V  [jvm.dll+0x450c25]
V  [jvm.dll+0x44ffe5]
V  [jvm.dll+0x43aef7]
V  [jvm.dll+0xbc3eb]
V  [jvm.dll+0xbaa4b]
V  [jvm.dll+0x24e7c2]
V  [jvm.dll+0x2a2dcc]
C  [ucrtbase.dll+0x210b2]
C  [KERNEL32.DLL+0x17c24]
C  [ntdll.dll+0x6d4d1]


Current CompileTask:
C2:  17433 3311   !   4       java.net.URLClassLoader$1::run (63 bytes)


---------------  P R O C E S S  ---------------

Java Threads: ( => current thread )
  0x0000026ba1a24000 JavaThread "Service Thread" daemon [_thread_blocked, id=7288, stack(0x000000ab49d00000,0x000000ab49e00000)]
  0x0000026ba19b7800 JavaThread "C1 CompilerThread1" daemon [_thread_blocked, id=8328, stack(0x000000ab49c00000,0x000000ab49d00000)]
=>0x0000026ba19b7000 JavaThread "C2 CompilerThread0" daemon [_thread_in_native, id=5040, stack(0x000000ab49b00000,0x000000ab49c00000)]
  0x0000026ba19b4800 JavaThread "Monitor Ctrl-Break" daemon [_thread_in_native, id=2656, stack(0x000000ab49a00000,0x000000ab49b00000)]
  0x0000026ba1948800 JavaThread "Attach Listener" daemon [_thread_blocked, id=3788, stack(0x000000ab49900000,0x000000ab49a00000)]
  0x0000026ba1945800 JavaThread "Signal Dispatcher" daemon [_thread_blocked, id=2652, stack(0x000000ab49800000,0x000000ab49900000)]
  0x0000026ba1458000 JavaThread "Finalizer" daemon [_thread_blocked, id=8704, stack(0x000000ab49700000,0x000000ab49800000)]
  0x0000026ba1924000 JavaThread "Reference Handler" daemon [_thread_blocked, id=9056, stack(0x000000ab49600000,0x000000ab49700000)]
  0x0000026b8db38800 JavaThread "main" [_thread_in_Java, id=6640, stack(0x000000ab49100000,0x000000ab49200000)]

Other Threads:
  0x0000026ba1903800 VMThread [stack: 0x000000ab49500000,0x000000ab49600000] [id=9184]
  0x0000026ba1a57800 WatcherThread [stack: 0x000000ab49e00000,0x000000ab49f00000] [id=8472]

VM state:not at safepoint (normal execution)

VM Mutex/Monitor currently owned by a thread: None

heap address: 0x00000000c2600000, size: 986 MB, Compressed Oops mode: 32-bit
Narrow klass base: 0x0000000000000000, Narrow klass shift: 3
Compressed class space size: 1073741824 Address: 0x0000000100000000

Heap:
 PSYoungGen      total 70144K, used 17191K [0x00000000eb780000, 0x00000000f4380000, 0x0000000100000000)
  eden space 62976K, 15% used [0x00000000eb780000,0x00000000ec14c128,0x00000000ef500000)
  from space 7168K, 99% used [0x00000000ef500000,0x00000000efbfdd68,0x00000000efc00000)
  to   space 8704K, 0% used [0x00000000f3b00000,0x00000000f3b00000,0x00000000f4380000)
 ParOldGen       total 42496K, used 9327K [0x00000000c2600000, 0x00000000c4f80000, 0x00000000eb780000)
  object space 42496K, 21% used [0x00000000c2600000,0x00000000c2f1bc78,0x00000000c4f80000)
 Metaspace       used 18863K, capacity 19402K, committed 19584K, reserved 1067008K
  class space    used 2190K, capacity 2329K, committed 2432K, reserved 1048576K

Card table byte_map: [0x0000026b9e760000,0x0000026b9e950000] byte_map_base: 0x0000026b9e14d000

Marking Bits: (ParMarkBitMap*) 0x0000000056807fe0
 Begin Bits: [0x0000026b9eaa0000, 0x0000026b9fa08000)
 End Bits:   [0x0000026b9fa08000, 0x0000026ba0970000)

Polling page: 0x0000026b8da70000

CodeCache: size=245760Kb used=11265Kb max_used=11265Kb free=234494Kb
 bounds [0x0000026b8f3a0000, 0x0000026b8feb0000, 0x0000026b9e3a0000]
 total_blobs=3734 nmethods=3356 adapters=291
 compilation: enabled

Compilation events (10 events):
Event: 17.266 Thread 0x0000026ba19b7800 3375       3       org.eclipse.aether.util.version.GenericVersionScheme::parseVersionConstraint (261 bytes)
Event: 17.271 Thread 0x0000026ba19b7800 nmethod 3375 0x0000026b8fea5410 code [0x0000026b8fea58e0, 0x0000026b8fea8d20]
Event: 17.272 Thread 0x0000026ba19b7800 3376       3       org.eclipse.aether.internal.impl.collect.DefaultDependencyCollector$PremanagedDependency::<init> (88 bytes)
Event: 17.274 Thread 0x0000026ba19b7800 nmethod 3376 0x0000026b8f50f6d0 code [0x0000026b8f50f8c0, 0x0000026b8f510220]
Event: 17.274 Thread 0x0000026ba19b7800 3377       3       org.eclipse.aether.internal.impl.collect.DataPool$ConstraintKey::<init> (32 bytes)
Event: 17.275 Thread 0x0000026ba19b7800 nmethod 3377 0x0000026b8f4b9b50 code [0x0000026b8f4b9cc0, 0x0000026b8f4ba0b0]
Event: 17.276 Thread 0x0000026ba19b7800 3378       3       org.eclipse.aether.internal.impl.collect.DefaultDependencyCollector$PremanagedDependency::applyTo (66 bytes)
Event: 17.276 Thread 0x0000026ba19b7800 nmethod 3378 0x0000026b8f50ed50 code [0x0000026b8f50ef00, 0x0000026b8f50f550]
Event: 17.278 Thread 0x0000026ba19b7800 3379   !   3       java.util.WeakHashMap::expungeStaleEntries (139 bytes)
Event: 17.279 Thread 0x0000026ba19b7800 nmethod 3379 0x0000026b8f50da50 code [0x0000026b8f50dc20, 0x0000026b8f50e730]

GC Heap History (10 events):
Event: 4.230 GC heap before
{Heap before GC invocations=3 (full 0):
 PSYoungGen      total 18432K, used 18410K [0x00000000eb780000, 0x00000000ecc00000, 0x0000000100000000)
  eden space 15872K, 100% used [0x00000000eb780000,0x00000000ec700000,0x00000000ec700000)
  from space 2560K, 99% used [0x00000000ec980000,0x00000000ecbfab60,0x00000000ecc00000)
  to   space 2560K, 0% used [0x00000000ec700000,0x00000000ec700000,0x00000000ec980000)
 ParOldGen       total 42496K, used 1400K [0x00000000c2600000, 0x00000000c4f80000, 0x00000000eb780000)
  object space 42496K, 3% used [0x00000000c2600000,0x00000000c275e058,0x00000000c4f80000)
 Metaspace       used 9686K, capacity 9778K, committed 9984K, reserved 1058816K
  class space    used 1160K, capacity 1212K, committed 1280K, reserved 1048576K
Event: 4.244 GC heap after
Heap after GC invocations=3 (full 0):
 PSYoungGen      total 18432K, used 2552K [0x00000000eb780000, 0x00000000edb80000, 0x0000000100000000)
  eden space 15872K, 0% used [0x00000000eb780000,0x00000000eb780000,0x00000000ec700000)
  from space 2560K, 99% used [0x00000000ec700000,0x00000000ec97e0c8,0x00000000ec980000)
  to   space 2560K, 0% used [0x00000000ed900000,0x00000000ed900000,0x00000000edb80000)
 ParOldGen       total 42496K, used 2411K [0x00000000c2600000, 0x00000000c4f80000, 0x00000000eb780000)
  object space 42496K, 5% used [0x00000000c2600000,0x00000000c285ac00,0x00000000c4f80000)
 Metaspace       used 9686K, capacity 9778K, committed 9984K, reserved 1058816K
  class space    used 1160K, capacity 1212K, committed 1280K, reserved 1048576K
}
Event: 4.883 GC heap before
{Heap before GC invocations=4 (full 0):
 PSYoungGen      total 18432K, used 18424K [0x00000000eb780000, 0x00000000edb80000, 0x0000000100000000)
  eden space 15872K, 100% used [0x00000000eb780000,0x00000000ec700000,0x00000000ec700000)
  from space 2560K, 99% used [0x00000000ec700000,0x00000000ec97e0c8,0x00000000ec980000)
  to   space 2560K, 0% used [0x00000000ed900000,0x00000000ed900000,0x00000000edb80000)
 ParOldGen       total 42496K, used 2411K [0x00000000c2600000, 0x00000000c4f80000, 0x00000000eb780000)
  object space 42496K, 5% used [0x00000000c2600000,0x00000000c285ac00,0x00000000c4f80000)
 Metaspace       used 11128K, capacity 11374K, committed 11520K, reserved 1058816K
  class space    used 1344K, capacity 1446K, committed 1536K, reserved 1048576K
Event: 4.897 GC heap after
Heap after GC invocations=4 (full 0):
 PSYoungGen      total 34304K, used 2544K [0x00000000eb780000, 0x00000000edb80000, 0x0000000100000000)
  eden space 31744K, 0% used [0x00000000eb780000,0x00000000eb780000,0x00000000ed680000)
  from space 2560K, 99% used [0x00000000ed900000,0x00000000edb7c010,0x00000000edb80000)
  to   space 2560K, 0% used [0x00000000ed680000,0x00000000ed680000,0x00000000ed900000)
 ParOldGen       total 42496K, used 4344K [0x00000000c2600000, 0x00000000c4f80000, 0x00000000eb780000)
  object space 42496K, 10% used [0x00000000c2600000,0x00000000c2a3e340,0x00000000c4f80000)
 Metaspace       used 11128K, capacity 11374K, committed 11520K, reserved 1058816K
  class space    used 1344K, capacity 1446K, committed 1536K, reserved 1048576K
}
Event: 6.899 GC heap before
{Heap before GC invocations=5 (full 0):
 PSYoungGen      total 34304K, used 34288K [0x00000000eb780000, 0x00000000edb80000, 0x0000000100000000)
  eden space 31744K, 100% used [0x00000000eb780000,0x00000000ed680000,0x00000000ed680000)
  from space 2560K, 99% used [0x00000000ed900000,0x00000000edb7c010,0x00000000edb80000)
  to   space 2560K, 0% used [0x00000000ed680000,0x00000000ed680000,0x00000000ed900000)
 ParOldGen       total 42496K, used 4344K [0x00000000c2600000, 0x00000000c4f80000, 0x00000000eb780000)
  object space 42496K, 10% used [0x00000000c2600000,0x00000000c2a3e340,0x00000000c4f80000)
 Metaspace       used 14416K, capacity 14686K, committed 14976K, reserved 1062912K
  class space    used 1776K, capacity 1874K, committed 1920K, reserved 1048576K
Event: 6.922 GC heap after
Heap after GC invocations=5 (full 0):
 PSYoungGen      total 34304K, used 2544K [0x00000000eb780000, 0x00000000f0280000, 0x0000000100000000)
  eden space 31744K, 0% used [0x00000000eb780000,0x00000000eb780000,0x00000000ed680000)
  from space 2560K, 99% used [0x00000000ed680000,0x00000000ed8fc010,0x00000000ed900000)
  to   space 6656K, 0% used [0x00000000efc00000,0x00000000efc00000,0x00000000f0280000)
 ParOldGen       total 42496K, used 8427K [0x00000000c2600000, 0x00000000c4f80000, 0x00000000eb780000)
  object space 42496K, 19% used [0x00000000c2600000,0x00000000c2e3ae48,0x00000000c4f80000)
 Metaspace       used 14416K, capacity 14686K, committed 14976K, reserved 1062912K
  class space    used 1776K, capacity 1874K, committed 1920K, reserved 1048576K
}
Event: 9.794 GC heap before
{Heap before GC invocations=6 (full 0):
 PSYoungGen      total 34304K, used 34288K [0x00000000eb780000, 0x00000000f0280000, 0x0000000100000000)
  eden space 31744K, 100% used [0x00000000eb780000,0x00000000ed680000,0x00000000ed680000)
  from space 2560K, 99% used [0x00000000ed680000,0x00000000ed8fc010,0x00000000ed900000)
  to   space 6656K, 0% used [0x00000000efc00000,0x00000000efc00000,0x00000000f0280000)
 ParOldGen       total 42496K, used 8427K [0x00000000c2600000, 0x00000000c4f80000, 0x00000000eb780000)
  object space 42496K, 19% used [0x00000000c2600000,0x00000000c2e3ae48,0x00000000c4f80000)
 Metaspace       used 16294K, capacity 16598K, committed 16896K, reserved 1064960K
  class space    used 1936K, capacity 2038K, committed 2048K, reserved 1048576K
Event: 9.870 GC heap after
Heap after GC invocations=6 (full 0):
 PSYoungGen      total 69632K, used 5433K [0x00000000eb780000, 0x00000000f0380000, 0x0000000100000000)
  eden space 62976K, 0% used [0x00000000eb780000,0x00000000eb780000,0x00000000ef500000)
  from space 6656K, 81% used [0x00000000efc00000,0x00000000f014e700,0x00000000f0280000)
  to   space 7168K, 0% used [0x00000000ef500000,0x00000000ef500000,0x00000000efc00000)
 ParOldGen       total 42496K, used 8427K [0x00000000c2600000, 0x00000000c4f80000, 0x00000000eb780000)
  object space 42496K, 19% used [0x00000000c2600000,0x00000000c2e3ae48,0x00000000c4f80000)
 Metaspace       used 16294K, capacity 16598K, committed 16896K, reserved 1064960K
  class space    used 1936K, capacity 2038K, committed 2048K, reserved 1048576K
}
Event: 16.691 GC heap before
{Heap before GC invocations=7 (full 0):
 PSYoungGen      total 69632K, used 68409K [0x00000000eb780000, 0x00000000f0380000, 0x0000000100000000)
  eden space 62976K, 100% used [0x00000000eb780000,0x00000000ef500000,0x00000000ef500000)
  from space 6656K, 81% used [0x00000000efc00000,0x00000000f014e700,0x00000000f0280000)
  to   space 7168K, 0% used [0x00000000ef500000,0x00000000ef500000,0x00000000efc00000)
 ParOldGen       total 42496K, used 8427K [0x00000000c2600000, 0x00000000c4f80000, 0x00000000eb780000)
  object space 42496K, 19% used [0x00000000c2600000,0x00000000c2e3ae48,0x00000000c4f80000)
 Metaspace       used 18199K, capacity 18706K, committed 18944K, reserved 1067008K
  class space    used 2082K, capacity 2225K, committed 2304K, reserved 1048576K
Event: 16.729 GC heap after
Heap after GC invocations=7 (full 0):
 PSYoungGen      total 70144K, used 7159K [0x00000000eb780000, 0x00000000f4380000, 0x0000000100000000)
  eden space 62976K, 0% used [0x00000000eb780000,0x00000000eb780000,0x00000000ef500000)
  from space 7168K, 99% used [0x00000000ef500000,0x00000000efbfdd68,0x00000000efc00000)
  to   space 8704K, 0% used [0x00000000f3b00000,0x00000000f3b00000,0x00000000f4380000)
 ParOldGen       total 42496K, used 9327K [0x00000000c2600000, 0x00000000c4f80000, 0x00000000eb780000)
  object space 42496K, 21% used [0x00000000c2600000,0x00000000c2f1bc78,0x00000000c4f80000)
 Metaspace       used 18199K, capacity 18706K, committed 18944K, reserved 1067008K
  class space    used 2082K, capacity 2225K, committed 2304K, reserved 1048576K
}

Deoptimization events (10 events):
Event: 15.225 Thread 0x0000026b8db38800 Uncommon trap: reason=speculate_class_check action=maybe_recompile pc=0x0000026b8fc5ab94 method=java.nio.charset.CharsetDecoder.decode(Ljava/nio/ByteBuffer;Ljava/nio/CharBuffer;Z)Ljava/nio/charset/CoderResult; @ 57
Event: 15.225 Thread 0x0000026b8db38800 Uncommon trap: reason=class_check action=maybe_recompile pc=0x0000026b8f6c1550 method=java.nio.charset.CharsetDecoder.decode(Ljava/nio/ByteBuffer;Ljava/nio/CharBuffer;Z)Ljava/nio/charset/CoderResult; @ 57
Event: 15.226 Thread 0x0000026b8db38800 Uncommon trap: reason=speculate_class_check action=maybe_recompile pc=0x0000026b8fc5ab94 method=java.nio.charset.CharsetDecoder.decode(Ljava/nio/ByteBuffer;Ljava/nio/CharBuffer;Z)Ljava/nio/charset/CoderResult; @ 57
Event: 15.227 Thread 0x0000026b8db38800 Uncommon trap: reason=class_check action=maybe_recompile pc=0x0000026b8f6c1550 method=java.nio.charset.CharsetDecoder.decode(Ljava/nio/ByteBuffer;Ljava/nio/CharBuffer;Z)Ljava/nio/charset/CoderResult; @ 57
Event: 15.228 Thread 0x0000026b8db38800 Uncommon trap: reason=speculate_class_check action=maybe_recompile pc=0x0000026b8fc5ab94 method=java.nio.charset.CharsetDecoder.decode(Ljava/nio/ByteBuffer;Ljava/nio/CharBuffer;Z)Ljava/nio/charset/CoderResult; @ 57
Event: 15.228 Thread 0x0000026b8db38800 Uncommon trap: reason=class_check action=maybe_recompile pc=0x0000026b8f6c1550 method=java.nio.charset.CharsetDecoder.decode(Ljava/nio/ByteBuffer;Ljava/nio/CharBuffer;Z)Ljava/nio/charset/CoderResult; @ 57
Event: 15.254 Thread 0x0000026b8db38800 Uncommon trap: reason=unstable_if action=reinterpret pc=0x0000026b8fd47bdc method=org.apache.maven.model.merge.ModelMerger.mergeConfigurationContainer_Inherited(Lorg/apache/maven/model/ConfigurationContainer;Lorg/apache/maven/model/ConfigurationContainer;
Event: 16.028 Thread 0x0000026b8db38800 Uncommon trap: reason=unstable_if action=reinterpret pc=0x0000026b8fdf9eb0 method=java.lang.Class$MethodArray.matchesNameAndDescriptor(Ljava/lang/reflect/Method;Ljava/lang/reflect/Method;)Z @ 33
Event: 16.538 Thread 0x0000026b8db38800 Uncommon trap: reason=predicate action=maybe_recompile pc=0x0000026b8fdf2fd8 method=java.util.TimSort.binarySort([Ljava/lang/Object;IIILjava/util/Comparator;)V @ 37
Event: 17.264 Thread 0x0000026b8db38800 Uncommon trap: reason=unstable_if action=reinterpret pc=0x0000026b8fa78a5c method=java.util.WeakHashMap.expungeStaleEntries()V @ 66

Classes redefined (0 events):
No events

Internal exceptions (10 events):
Event: 3.803 Thread 0x0000026b8db38800 Exception <a 'java/lang/ArrayIndexOutOfBoundsException'> (0x00000000ebd45230) thrown at [C:\jenkins\workspace\8-2-build-windows-amd64-cygwin\jdk8u271\605\hotspot\src\share\vm\runtime\sharedRuntime.cpp, line 609]
Event: 3.805 Thread 0x0000026b8db38800 Exception <a 'java/lang/ArrayIndexOutOfBoundsException'> (0x00000000ebd49b90) thrown at [C:\jenkins\workspace\8-2-build-windows-amd64-cygwin\jdk8u271\605\hotspot\src\share\vm\runtime\sharedRuntime.cpp, line 609]
Event: 3.996 Thread 0x0000026b8db38800 Exception <a 'java/lang/ArrayIndexOutOfBoundsException': 66> (0x00000000ec0fffe8) thrown at [C:\jenkins\workspace\8-2-build-windows-amd64-cygwin\jdk8u271\605\hotspot\src\share\vm\interpreter\interpreterRuntime.cpp, line 371]
Event: 6.215 Thread 0x0000026b8db38800 Exception <a 'java/lang/NoClassDefFoundError': com/google/inject/servlet/ServletModuleTargetVisitor> (0x00000000ecf1d090) thrown at [C:\jenkins\workspace\8-2-build-windows-amd64-cygwin\jdk8u271\605\hotspot\src\share\vm\classfile\systemDictionary.cpp, line
Event: 6.215 Thread 0x0000026b8db38800 Exception <a 'java/lang/NoClassDefFoundError'> (0x00000000ecf1d090) thrown at [C:\jenkins\workspace\8-2-build-windows-amd64-cygwin\jdk8u271\605\hotspot\src\share\vm\prims\jvm.cpp, line 1516]
Event: 6.216 Thread 0x0000026b8db38800 Exception <a 'java/lang/NoClassDefFoundError': javax/annotation/Priority> (0x00000000ecf22098) thrown at [C:\jenkins\workspace\8-2-build-windows-amd64-cygwin\jdk8u271\605\hotspot\src\share\vm\classfile\systemDictionary.cpp, line 201]
Event: 6.700 Thread 0x0000026b8db38800 Implicit null exception at 0x0000026b8f590098 to 0x0000026b8f590261
Event: 7.873 Thread 0x0000026b8db38800 Implicit null exception at 0x0000026b8f9f80d0 to 0x0000026b8f9f936d
Event: 8.594 Thread 0x0000026b8db38800 Implicit null exception at 0x0000026b8f7716d5 to 0x0000026b8f7718a5
Event: 8.601 Thread 0x0000026b8db38800 Implicit null exception at 0x0000026b8f697c2f to 0x0000026b8f697c99

Events (10 events):
Event: 17.060 loading class org/codehaus/plexus/util/SelectorUtils done
Event: 17.060 loading class org/codehaus/plexus/util/SelectorUtils
Event: 17.060 loading class org/codehaus/plexus/util/SelectorUtils done
Event: 17.263 Thread 0x0000026b8db38800 Uncommon trap: trap_request=0xffffff65 fr.pc=0x0000026b8fa78a5c
Event: 17.264 Executing VM operation: RevokeBias
Event: 17.264 Executing VM operation: RevokeBias done
Event: 17.264 Thread 0x0000026b8db38800 DEOPT PACKING pc=0x0000026b8fa78a5c sp=0x000000ab491fd550
Event: 17.264 Thread 0x0000026b8db38800 DEOPT UNPACKING pc=0x0000026b8f3e5843 sp=0x000000ab491fd4d8 mode 2
Event: 17.265 Thread 0x0000026ba19b7800 flushing nmethod 0x0000026b8f4b9b50
Event: 17.265 Thread 0x0000026ba19b7800 flushing nmethod 0x0000026b8f50d050


Dynamic libraries:
0x00007ff65c6f0000 - 0x00007ff65c737000 	C:\Program Files\Java\jdk1.8.0_271\bin\java.exe
0x00007fff67c60000 - 0x00007fff67e50000 	C:\WINDOWS\SYSTEM32\ntdll.dll
0x00007fff668f0000 - 0x00007fff669a2000 	C:\WINDOWS\System32\KERNEL32.DLL
0x00007fff64be0000 - 0x00007fff64e85000 	C:\WINDOWS\System32\KERNELBASE.dll
0x00007fff65ec0000 - 0x00007fff65f63000 	C:\WINDOWS\System32\ADVAPI32.dll
0x00007fff66410000 - 0x00007fff664ae000 	C:\WINDOWS\System32\msvcrt.dll
0x00007fff667d0000 - 0x00007fff66867000 	C:\WINDOWS\System32\sechost.dll
0x00007fff66640000 - 0x00007fff66760000 	C:\WINDOWS\System32\RPCRT4.dll
0x00007fff67a10000 - 0x00007fff67ba4000 	C:\WINDOWS\System32\USER32.dll
0x00007fff64f40000 - 0x00007fff64f61000 	C:\WINDOWS\System32\win32u.dll
0x00007fff66260000 - 0x00007fff66286000 	C:\WINDOWS\System32\GDI32.dll
0x00007fff65920000 - 0x00007fff65ab6000 	C:\WINDOWS\System32\gdi32full.dll
0x00007fff65090000 - 0x00007fff6512e000 	C:\WINDOWS\System32\msvcp_win.dll
0x00007fff64f90000 - 0x00007fff6508a000 	C:\WINDOWS\System32\ucrtbase.dll
0x00007fff543d0000 - 0x00007fff54654000 	C:\WINDOWS\WinSxS\amd64_microsoft.windows.common-controls_6595b64144ccf1df_6.0.18362.1198_none_9e820b57e45ad92f\COMCTL32.dll
0x00007fff67570000 - 0x00007fff678a5000 	C:\WINDOWS\System32\combase.dll
0x00007fff64ec0000 - 0x00007fff64f40000 	C:\WINDOWS\System32\bcryptPrimitives.dll
0x00007fff66150000 - 0x00007fff6617e000 	C:\WINDOWS\System32\IMM32.DLL
0x00007fff569b0000 - 0x00007fff569c5000 	C:\Program Files\Java\jdk1.8.0_271\jre\bin\vcruntime140.dll
0x00007fff51730000 - 0x00007fff517cb000 	C:\Program Files\Java\jdk1.8.0_271\jre\bin\msvcp140.dll
0x0000000056010000 - 0x000000005687f000 	C:\Program Files\Java\jdk1.8.0_271\jre\bin\server\jvm.dll
0x00007fff662a0000 - 0x00007fff662a8000 	C:\WINDOWS\System32\PSAPI.DLL
0x00007fff63630000 - 0x00007fff63639000 	C:\WINDOWS\SYSTEM32\WSOCK32.dll
0x00007fff66760000 - 0x00007fff667cf000 	C:\WINDOWS\System32\WS2_32.dll
0x00007fff62410000 - 0x00007fff62434000 	C:\WINDOWS\SYSTEM32\WINMM.dll
0x00007fff557b0000 - 0x00007fff557ba000 	C:\WINDOWS\SYSTEM32\VERSION.dll
0x00007fff623e0000 - 0x00007fff6240d000 	C:\WINDOWS\SYSTEM32\WINMMBASE.dll
0x00007fff65cc0000 - 0x00007fff65d0a000 	C:\WINDOWS\System32\cfgmgr32.dll
0x00007fff64b20000 - 0x00007fff64b31000 	C:\WINDOWS\System32\kernel.appcore.dll
0x00007fff5d740000 - 0x00007fff5d750000 	C:\Program Files\Java\jdk1.8.0_271\jre\bin\verify.dll
0x00007fff563f0000 - 0x00007fff5641b000 	C:\Program Files\Java\jdk1.8.0_271\jre\bin\java.dll
0x00007fff54c50000 - 0x00007fff54c80000 	C:\Program Files\Java\jdk1.8.0_271\jre\bin\instrument.dll
0x00007fff549f0000 - 0x00007fff54a08000 	C:\Program Files\Java\jdk1.8.0_271\jre\bin\zip.dll
0x00007fff669b0000 - 0x00007fff67097000 	C:\WINDOWS\System32\SHELL32.dll
0x00007fff65f70000 - 0x00007fff66019000 	C:\WINDOWS\System32\shcore.dll
0x00007fff65190000 - 0x00007fff65911000 	C:\WINDOWS\System32\windows.storage.dll
0x00007fff64bb0000 - 0x00007fff64bd3000 	C:\WINDOWS\System32\profapi.dll
0x00007fff64b40000 - 0x00007fff64b8a000 	C:\WINDOWS\System32\powrprof.dll
0x00007fff64b10000 - 0x00007fff64b20000 	C:\WINDOWS\System32\UMPDC.dll
0x00007fff670a0000 - 0x00007fff670f2000 	C:\WINDOWS\System32\shlwapi.dll
0x00007fff64f70000 - 0x00007fff64f87000 	C:\WINDOWS\System32\cryptsp.dll
0x00007fff527d0000 - 0x00007fff527ea000 	C:\Program Files\JetBrains\IntelliJ IDEA Community Edition 2020.2.3\bin\breakgen64.dll
0x00007fff52630000 - 0x00007fff5264c000 	C:\Program Files\Java\jdk1.8.0_271\jre\bin\net.dll
0x00007fff64300000 - 0x00007fff64367000 	C:\WINDOWS\system32\mswsock.dll
0x00007fff63e70000 - 0x00007fff63ea3000 	C:\WINDOWS\system32\rsaenh.dll
0x00007fff64e90000 - 0x00007fff64eb6000 	C:\WINDOWS\System32\bcrypt.dll
0x00007fff64a30000 - 0x00007fff64a55000 	C:\WINDOWS\SYSTEM32\USERENV.dll
0x00007fff644d0000 - 0x00007fff644dc000 	C:\WINDOWS\SYSTEM32\CRYPTBASE.dll
0x00007fff64010000 - 0x00007fff6404a000 	C:\WINDOWS\SYSTEM32\IPHLPAPI.DLL
0x00007fff66560000 - 0x00007fff66568000 	C:\WINDOWS\System32\NSI.dll
0x00007fff55dd0000 - 0x00007fff55de6000 	C:\WINDOWS\SYSTEM32\dhcpcsvc6.DLL
0x00007fff56000000 - 0x00007fff5601c000 	C:\WINDOWS\SYSTEM32\dhcpcsvc.DLL
0x00007fff64060000 - 0x00007fff6412b000 	C:\WINDOWS\SYSTEM32\DNSAPI.dll
0x00007fff52370000 - 0x00007fff52383000 	C:\Program Files\Java\jdk1.8.0_271\jre\bin\nio.dll
0x00007fff5a300000 - 0x00007fff5a30a000 	C:\Users\sergiu\AppData\Local\Temp\jansi-1.17.1-4478226411625536222.dll
0x00007fff56a60000 - 0x00007fff56a6a000 	C:\Users\sergiu\AppData\Local\Temp\jansi-1.17.1-1141356652288452523.dll
0x00007fff633b0000 - 0x00007fff635a4000 	C:\WINDOWS\SYSTEM32\dbghelp.dll

VM Arguments:
jvm_args: -Dmaven.multiModuleProjectDirectory=C:\Users\sergiu\Desktop\trivia-maven\trivia-maven -Dmaven.home=C:\Program Files\JetBrains\IntelliJ IDEA Community Edition 2020.2.3\plugins\maven\lib\maven3 -Dclassworlds.conf=C:\Program Files\JetBrains\IntelliJ IDEA Community Edition 2020.2.3\plugins\maven\lib\maven3\bin\m2.conf -Dmaven.ext.class.path=C:\Program Files\JetBrains\IntelliJ IDEA Community Edition 2020.2.3\plugins\maven\lib\maven-event-listener.jar -javaagent:C:\Program Files\JetBrains\IntelliJ IDEA Community Edition 2020.2.3\lib\idea_rt.jar=61781:C:\Program Files\JetBrains\IntelliJ IDEA Community Edition 2020.2.3\bin -Dfile.encoding=UTF-8 
java_command: org.codehaus.classworlds.Launcher -Didea.version=2020.2.4 install
java_class_path (initial): C:\Program Files\JetBrains\IntelliJ IDEA Community Edition 2020.2.3\plugins\maven\lib\maven3\boot\plexus-classworlds-2.6.0.jar;C:\Program Files\JetBrains\IntelliJ IDEA Community Edition 2020.2.3\plugins\maven\lib\maven3\boot\plexus-classworlds.license;C:\Program Files\JetBrains\IntelliJ IDEA Community Edition 2020.2.3\lib\idea_rt.jar
Launcher Type: SUN_STANDARD

Environment Variables:
JAVA_HOME=C:\Program Files\Java\jdk1.8.0_271
PATH=C:\Program Files\Java\jdk1.8.0_271\bin;C:\WINDOWS\system32;C:\WINDOWS;C:\WINDOWS\System32\Wbem;C:\WINDOWS\System32\WindowsPowerShell\v1.0\;C:\Program Files\Git\cmd;C:\Users\sergiu\AppData\Local\Microsoft\WindowsApps;;C:\Program Files\JetBrains\IntelliJ IDEA Community Edition 2020.2.3\bin;
USERNAME=sergiu
OS=Windows_NT
PROCESSOR_IDENTIFIER=Intel64 Family 6 Model 76 Stepping 4, GenuineIntel



---------------  S Y S T E M  ---------------

OS: Windows 10.0 , 64 bit Build 18362 (10.0.18362.1110)

CPU:total 2 (initial active 2) (2 cores per cpu, 1 threads per core) family 6 model 76 stepping 4, cmov, cx8, fxsr, mmx, sse, sse2, sse3, ssse3, sse4.1, sse4.2, popcnt, aes, clmul, erms, 3dnowpref, tsc, tscinvbit

Memory: 4k page, physical 4032784k(377292k free), swap 4032784k(5752k free)

vm_info: Java HotSpot(TM) 64-Bit Server VM (25.271-b09) for windows-amd64 JRE (1.8.0_271-b09), built on Sep 16 2020 19:14:59 by "" with MS VC++ 15.9 (VS2017)

time: Sun Feb 28 21:03:42 2021
timezone: W. Europe Standard Time
elapsed time: 17.443828 seconds (0d 0h 0m 17s)

