#
# There is insufficient memory for the Java Runtime Environment to continue.
# Native memory allocation (malloc) failed to allocate 329520 bytes for Chunk::new
# Possible reasons:
#   The system is out of physical RAM or swap space
#   The process is running with CompressedOops enabled, and the Java Heap may be blocking the growth of the native heap
# Possible solutions:
#   Reduce memory load on the system
#   Increase physical memory or swap space
#   Check if swap backing store is full
#   Decrease Java heap size (-Xmx/-Xms)
#   Decrease number of Java threads
#   Decrease Java thread stack sizes (-Xss)
#   Set larger code cache with -XX:ReservedCodeCacheSize=
#   JVM is running with Unscaled Compressed Oops mode in which the Java heap is
#     placed in the first 4GB address space. The Java Heap base address is the
#     maximum limit for the native heap growth. Please use -XX:HeapBaseMinAddress
#     to set the Java Heap base and to place the Java Heap above 4GB virtual address.
# This output file may be truncated or incomplete.
#
#  Out of Memory Error (allocation.cpp:389), pid=1592, tid=0x00000000000011b8
#
# JRE version: Java(TM) SE Runtime Environment (8.0_271-b09) (build 1.8.0_271-b09)
# Java VM: Java HotSpot(TM) 64-Bit Server VM (25.271-b09 mixed mode windows-amd64 compressed oops)
# Failed to write core dump. Minidumps are not enabled by default on client versions of Windows
#

---------------  T H R E A D  ---------------

Current thread (0x000001fc4fa37000):  JavaThread "C2 CompilerThread0" daemon [_thread_in_native, id=4536, stack(0x000000bb47f00000,0x000000bb48000000)]

Stack: [0x000000bb47f00000,0x000000bb48000000]
Native frames: (J=compiled Java code, j=interpreted, Vv=VM code, C=native code)
V  [jvm.dll+0x33f6c9]


Current CompileTask:
C2:  25065 4759       4       com.sun.tools.javac.code.Types::capture (573 bytes)


---------------  P R O C E S S  ---------------

Java Threads: ( => current thread )
  0x000001fc4fa9a000 JavaThread "Service Thread" daemon [_thread_blocked, id=4616, stack(0x000000bb48100000,0x000000bb48200000)]
  0x000001fc4fa95000 JavaThread "C1 CompilerThread1" daemon [_thread_in_native, id=4416, stack(0x000000bb48000000,0x000000bb48100000)]
=>0x000001fc4fa37000 JavaThread "C2 CompilerThread0" daemon [_thread_in_native, id=4536, stack(0x000000bb47f00000,0x000000bb48000000)]
  0x000001fc4fa34800 JavaThread "Monitor Ctrl-Break" daemon [_thread_in_native, id=8796, stack(0x000000bb47e00000,0x000000bb47f00000)]
  0x000001fc4f9c9000 JavaThread "Attach Listener" daemon [_thread_blocked, id=4604, stack(0x000000bb47d00000,0x000000bb47e00000)]
  0x000001fc4f9c6000 JavaThread "Signal Dispatcher" daemon [_thread_blocked, id=9112, stack(0x000000bb47c00000,0x000000bb47d00000)]
  0x000001fc4f4d1800 JavaThread "Finalizer" daemon [_thread_blocked, id=5596, stack(0x000000bb47b00000,0x000000bb47c00000)]
  0x000001fc4f9a4000 JavaThread "Reference Handler" daemon [_thread_blocked, id=7972, stack(0x000000bb47a00000,0x000000bb47b00000)]
  0x000001fc3bb28800 JavaThread "main" [_thread_in_vm, id=1684, stack(0x000000bb47500000,0x000000bb47600000)]

Other Threads:
  0x000001fc4f982800 VMThread [stack: 0x000000bb47900000,0x000000bb47a00000] [id=6652]
  0x000001fc4fab9800 WatcherThread [stack: 0x000000bb48200000,0x000000bb48300000] [id=2580]

VM state:not at safepoint (normal execution)

VM Mutex/Monitor currently owned by a thread: None

heap address: 0x00000000c2600000, size: 986 MB, Compressed Oops mode: 32-bit
Narrow klass base: 0x0000000000000000, Narrow klass shift: 3
Compressed class space size: 1073741824 Address: 0x0000000100000000

Heap:
 PSYoungGen      total 101376K, used 67731K [0x00000000eb780000, 0x00000000f4180000, 0x0000000100000000)
  eden space 93696K, 64% used [0x00000000eb780000,0x00000000ef225d90,0x00000000f1300000)
  from space 7680K, 99% used [0x00000000f3a00000,0x00000000f417f190,0x00000000f4180000)
  to   space 9216K, 0% used [0x00000000f2f80000,0x00000000f2f80000,0x00000000f3880000)
 ParOldGen       total 36864K, used 9787K [0x00000000c2600000, 0x00000000c4a00000, 0x00000000eb780000)
  object space 36864K, 26% used [0x00000000c2600000,0x00000000c2f8edf0,0x00000000c4a00000)
 Metaspace       used 25833K, capacity 26464K, committed 26752K, reserved 1073152K
  class space    used 2987K, capacity 3154K, committed 3200K, reserved 1048576K

Card table byte_map: [0x000001fc4c7e0000,0x000001fc4c9d0000] byte_map_base: 0x000001fc4c1cd000

Marking Bits: (ParMarkBitMap*) 0x0000000056807fe0
 Begin Bits: [0x000001fc4cb20000, 0x000001fc4da88000)
 End Bits:   [0x000001fc4da88000, 0x000001fc4e9f0000)

Polling page: 0x000001fc3bc20000

CodeCache: size=245760Kb used=14863Kb max_used=14979Kb free=230896Kb
 bounds [0x000001fc3d420000, 0x000001fc3e2d0000, 0x000001fc4c420000]
 total_blobs=4839 nmethods=4415 adapters=336
 compilation: enabled

Compilation events (10 events):
Event: 24.933 Thread 0x000001fc4fa95000 nmethod 4826 0x000001fc3e2ca090 code [0x000001fc3e2ca2c0, 0x000001fc3e2cae00]
Event: 24.933 Thread 0x000001fc4fa95000 4827       3       com.sun.tools.javac.jvm.ClassWriter$StackMapTableFrame::<init> (5 bytes)
Event: 24.933 Thread 0x000001fc4fa95000 nmethod 4827 0x000001fc3e2cb490 code [0x000001fc3e2cb5e0, 0x000001fc3e2cb798]
Event: 24.934 Thread 0x000001fc4fa95000 4828       3       com.sun.tools.javac.jvm.Gen::endFinalizerGap (57 bytes)
Event: 24.936 Thread 0x000001fc4fa95000 nmethod 4828 0x000001fc3e2cb850 code [0x000001fc3e2cba40, 0x000001fc3e2cc410]
Event: 24.938 Thread 0x000001fc4fa95000 4829       3       com.sun.tools.javac.jvm.Code::setDefined (108 bytes)
Event: 24.939 Thread 0x000001fc4fa95000 nmethod 4829 0x000001fc3e2cc910 code [0x000001fc3e2ccb40, 0x000001fc3e2cd350]
Event: 24.977 Thread 0x000001fc4fa95000 4830       3       com.sun.tools.javac.jvm.ClassWriter::writeCode (922 bytes)
Event: 25.014 Thread 0x000001fc4fa95000 

Event: 25.060 Thread 0x000001fc4fa95000 4831       3       com.sun.tools.javac.jvm.ClassWriter::writeStackMapType (500 bytes)

GC Heap History (10 events):
Event: 6.174 GC heap before
{Heap before GC invocations=5 (full 0):
 PSYoungGen      total 34304K, used 34272K [0x00000000eb780000, 0x00000000edb80000, 0x0000000100000000)
  eden space 31744K, 100% used [0x00000000eb780000,0x00000000ed680000,0x00000000ed680000)
  from space 2560K, 98% used [0x00000000ed900000,0x00000000edb78040,0x00000000edb80000)
  to   space 2560K, 0% used [0x00000000ed680000,0x00000000ed680000,0x00000000ed900000)
 ParOldGen       total 42496K, used 4408K [0x00000000c2600000, 0x00000000c4f80000, 0x00000000eb780000)
  object space 42496K, 10% used [0x00000000c2600000,0x00000000c2a4e100,0x00000000c4f80000)
 Metaspace       used 14424K, capacity 14686K, committed 14976K, reserved 1062912K
  class space    used 1776K, capacity 1874K, committed 1920K, reserved 1048576K
Event: 6.197 GC heap after
Heap after GC invocations=5 (full 0):
 PSYoungGen      total 34304K, used 2544K [0x00000000eb780000, 0x00000000f0280000, 0x0000000100000000)
  eden space 31744K, 0% used [0x00000000eb780000,0x00000000eb780000,0x00000000ed680000)
  from space 2560K, 99% used [0x00000000ed680000,0x00000000ed8fc010,0x00000000ed900000)
  to   space 6656K, 0% used [0x00000000efc00000,0x00000000efc00000,0x00000000f0280000)
 ParOldGen       total 42496K, used 8505K [0x00000000c2600000, 0x00000000c4f80000, 0x00000000eb780000)
  object space 42496K, 20% used [0x00000000c2600000,0x00000000c2e4e578,0x00000000c4f80000)
 Metaspace       used 14424K, capacity 14686K, committed 14976K, reserved 1062912K
  class space    used 1776K, capacity 1874K, committed 1920K, reserved 1048576K
}
Event: 9.003 GC heap before
{Heap before GC invocations=6 (full 0):
 PSYoungGen      total 34304K, used 34288K [0x00000000eb780000, 0x00000000f0280000, 0x0000000100000000)
  eden space 31744K, 100% used [0x00000000eb780000,0x00000000ed680000,0x00000000ed680000)
  from space 2560K, 99% used [0x00000000ed680000,0x00000000ed8fc010,0x00000000ed900000)
  to   space 6656K, 0% used [0x00000000efc00000,0x00000000efc00000,0x00000000f0280000)
 ParOldGen       total 42496K, used 8505K [0x00000000c2600000, 0x00000000c4f80000, 0x00000000eb780000)
  object space 42496K, 20% used [0x00000000c2600000,0x00000000c2e4e578,0x00000000c4f80000)
 Metaspace       used 16423K, capacity 16746K, committed 16896K, reserved 1064960K
  class space    used 1951K, capacity 2042K, committed 2048K, reserved 1048576K
Event: 9.024 GC heap after
Heap after GC invocations=6 (full 0):
 PSYoungGen      total 69632K, used 5229K [0x00000000eb780000, 0x00000000f0380000, 0x0000000100000000)
  eden space 62976K, 0% used [0x00000000eb780000,0x00000000eb780000,0x00000000ef500000)
  from space 6656K, 78% used [0x00000000efc00000,0x00000000f011b538,0x00000000f0280000)
  to   space 7168K, 0% used [0x00000000ef500000,0x00000000ef500000,0x00000000efc00000)
 ParOldGen       total 42496K, used 8513K [0x00000000c2600000, 0x00000000c4f80000, 0x00000000eb780000)
  object space 42496K, 20% used [0x00000000c2600000,0x00000000c2e50578,0x00000000c4f80000)
 Metaspace       used 16423K, capacity 16746K, committed 16896K, reserved 1064960K
  class space    used 1951K, capacity 2042K, committed 2048K, reserved 1048576K
}
Event: 13.569 GC heap before
{Heap before GC invocations=7 (full 0):
 PSYoungGen      total 69632K, used 56334K [0x00000000eb780000, 0x00000000f0380000, 0x0000000100000000)
  eden space 62976K, 81% used [0x00000000eb780000,0x00000000ee9685d8,0x00000000ef500000)
  from space 6656K, 78% used [0x00000000efc00000,0x00000000f011b538,0x00000000f0280000)
  to   space 7168K, 0% used [0x00000000ef500000,0x00000000ef500000,0x00000000efc00000)
 ParOldGen       total 42496K, used 8513K [0x00000000c2600000, 0x00000000c4f80000, 0x00000000eb780000)
  object space 42496K, 20% used [0x00000000c2600000,0x00000000c2e50578,0x00000000c4f80000)
 Metaspace       used 20757K, capacity 21142K, committed 21296K, reserved 1069056K
  class space    used 2494K, capacity 2638K, committed 2688K, reserved 1048576K
Event: 13.611 GC heap after
Heap after GC invocations=7 (full 0):
 PSYoungGen      total 70144K, used 6718K [0x00000000eb780000, 0x00000000f4180000, 0x0000000100000000)
  eden space 62976K, 0% used [0x00000000eb780000,0x00000000eb780000,0x00000000ef500000)
  from space 7168K, 93% used [0x00000000ef500000,0x00000000efb8fa20,0x00000000efc00000)
  to   space 7680K, 0% used [0x00000000f3a00000,0x00000000f3a00000,0x00000000f4180000)
 ParOldGen       total 42496K, used 9273K [0x00000000c2600000, 0x00000000c4f80000, 0x00000000eb780000)
  object space 42496K, 21% used [0x00000000c2600000,0x00000000c2f0e608,0x00000000c4f80000)
 Metaspace       used 20757K, capacity 21142K, committed 21296K, reserved 1069056K
  class space    used 2494K, capacity 2638K, committed 2688K, reserved 1048576K
}
Event: 13.611 GC heap before
{Heap before GC invocations=8 (full 1):
 PSYoungGen      total 70144K, used 6718K [0x00000000eb780000, 0x00000000f4180000, 0x0000000100000000)
  eden space 62976K, 0% used [0x00000000eb780000,0x00000000eb780000,0x00000000ef500000)
  from space 7168K, 93% used [0x00000000ef500000,0x00000000efb8fa20,0x00000000efc00000)
  to   space 7680K, 0% used [0x00000000f3a00000,0x00000000f3a00000,0x00000000f4180000)
 ParOldGen       total 42496K, used 9273K [0x00000000c2600000, 0x00000000c4f80000, 0x00000000eb780000)
  object space 42496K, 21% used [0x00000000c2600000,0x00000000c2f0e608,0x00000000c4f80000)
 Metaspace       used 20757K, capacity 21142K, committed 21296K, reserved 1069056K
  class space    used 2494K, capacity 2638K, committed 2688K, reserved 1048576K
Event: 13.756 GC heap after
Heap after GC invocations=8 (full 1):
 PSYoungGen      total 70144K, used 0K [0x00000000eb780000, 0x00000000f4180000, 0x0000000100000000)
  eden space 62976K, 0% used [0x00000000eb780000,0x00000000eb780000,0x00000000ef500000)
  from space 7168K, 0% used [0x00000000ef500000,0x00000000ef500000,0x00000000efc00000)
  to   space 7680K, 0% used [0x00000000f3a00000,0x00000000f3a00000,0x00000000f4180000)
 ParOldGen       total 36864K, used 9017K [0x00000000c2600000, 0x00000000c4a00000, 0x00000000eb780000)
  object space 36864K, 24% used [0x00000000c2600000,0x00000000c2ece4f8,0x00000000c4a00000)
 Metaspace       used 20757K, capacity 21142K, committed 21296K, reserved 1069056K
  class space    used 2494K, capacity 2638K, committed 2688K, reserved 1048576K
}
Event: 20.158 GC heap before
{Heap before GC invocations=9 (full 1):
 PSYoungGen      total 70144K, used 62976K [0x00000000eb780000, 0x00000000f4180000, 0x0000000100000000)
  eden space 62976K, 100% used [0x00000000eb780000,0x00000000ef500000,0x00000000ef500000)
  from space 7168K, 0% used [0x00000000ef500000,0x00000000ef500000,0x00000000efc00000)
  to   space 7680K, 0% used [0x00000000f3a00000,0x00000000f3a00000,0x00000000f4180000)
 ParOldGen       total 36864K, used 9017K [0x00000000c2600000, 0x00000000c4a00000, 0x00000000eb780000)
  object space 36864K, 24% used [0x00000000c2600000,0x00000000c2ece4f8,0x00000000c4a00000)
 Metaspace       used 23710K, capacity 24230K, committed 24448K, reserved 1071104K
  class space    used 2786K, capacity 2940K, committed 2944K, reserved 1048576K
Event: 20.190 GC heap after
Heap after GC invocations=9 (full 1):
 PSYoungGen      total 101376K, used 7676K [0x00000000eb780000, 0x00000000f4180000, 0x0000000100000000)
  eden space 93696K, 0% used [0x00000000eb780000,0x00000000eb780000,0x00000000f1300000)
  from space 7680K, 99% used [0x00000000f3a00000,0x00000000f417f190,0x00000000f4180000)
  to   space 9216K, 0% used [0x00000000f2f80000,0x00000000f2f80000,0x00000000f3880000)
 ParOldGen       total 36864K, used 9787K [0x00000000c2600000, 0x00000000c4a00000, 0x00000000eb780000)
  object space 36864K, 26% used [0x00000000c2600000,0x00000000c2f8edf0,0x00000000c4a00000)
 Metaspace       used 23710K, capacity 24230K, committed 24448K, reserved 1071104K
  class space    used 2786K, capacity 2940K, committed 2944K, reserved 1048576K
}

Deoptimization events (10 events):
Event: 23.665 Thread 0x000001fc3bb28800 Uncommon trap: reason=class_check action=maybe_recompile pc=0x000001fc3e0d6c5c method=com.sun.tools.javac.code.Type.containsAny(Lcom/sun/tools/javac/util/List;)Z @ 20
Event: 23.665 Thread 0x000001fc3bb28800 Uncommon trap: reason=class_check action=maybe_recompile pc=0x000001fc3e0d6c5c method=com.sun.tools.javac.code.Type.containsAny(Lcom/sun/tools/javac/util/List;)Z @ 20
Event: 23.670 Thread 0x000001fc3bb28800 Uncommon trap: reason=bimorphic action=maybe_recompile pc=0x000001fc3e131aa0 method=com.sun.tools.javac.code.Types$18.visitClassType(Lcom/sun/tools/javac/code/Type$ClassType;Ljava/lang/Void;)Lcom/sun/tools/javac/code/Type; @ 19
Event: 23.671 Thread 0x000001fc3bb28800 Uncommon trap: reason=class_check action=maybe_recompile pc=0x000001fc3e0d6c5c method=com.sun.tools.javac.code.Type.containsAny(Lcom/sun/tools/javac/util/List;)Z @ 20
Event: 23.702 Thread 0x000001fc3bb28800 Uncommon trap: reason=bimorphic action=maybe_recompile pc=0x000001fc3e131aa0 method=com.sun.tools.javac.code.Types$18.visitClassType(Lcom/sun/tools/javac/code/Type$ClassType;Ljava/lang/Void;)Lcom/sun/tools/javac/code/Type; @ 19
Event: 23.903 Thread 0x000001fc3bb28800 Uncommon trap: reason=predicate action=maybe_recompile pc=0x000001fc3e1a0a94 method=com.sun.tools.javac.code.Type.containsAny(Lcom/sun/tools/javac/util/List;)Z @ 14
Event: 24.590 Thread 0x000001fc3bb28800 Uncommon trap: reason=unstable_if action=reinterpret pc=0x000001fc3e270644 method=com.sun.tools.javac.comp.Resolve$MethodCheckContext.compatible(Lcom/sun/tools/javac/code/Type;Lcom/sun/tools/javac/code/Type;Lcom/sun/tools/javac/util/Warner;)Z @ 13
Event: 24.656 Thread 0x000001fc3bb28800 Uncommon trap: reason=bimorphic action=maybe_recompile pc=0x000001fc3e131aa0 method=com.sun.tools.javac.code.Types$18.visitClassType(Lcom/sun/tools/javac/code/Type$ClassType;Ljava/lang/Void;)Lcom/sun/tools/javac/code/Type; @ 19
Event: 24.771 Thread 0x000001fc3bb28800 Uncommon trap: reason=bimorphic action=maybe_recompile pc=0x000001fc3e131aa0 method=com.sun.tools.javac.code.Types$18.visitClassType(Lcom/sun/tools/javac/code/Type$ClassType;Ljava/lang/Void;)Lcom/sun/tools/javac/code/Type; @ 19
Event: 24.835 Thread 0x000001fc3bb28800 Uncommon trap: reason=unstable_if action=reinterpret pc=0x000001fc3db9fe68 method=com.sun.tools.javac.util.ListBuffer.append(Ljava/lang/Object;)Lcom/sun/tools/javac/util/ListBuffer; @ 9

Classes redefined (0 events):
No events

Internal exceptions (10 events):
Event: 20.610 Thread 0x000001fc3bb28800 NullPointerException in IC check 0x000001fc3d53a8e0
Event: 20.610 Thread 0x000001fc3bb28800 Exception <a 'java/lang/NullPointerException'> (0x00000000ec3e1f48) thrown at [C:\jenkins\workspace\8-2-build-windows-amd64-cygwin\jdk8u271\605\hotspot\src\share\vm\runtime\sharedRuntime.cpp, line 609]
Event: 20.620 Thread 0x000001fc3bb28800 NullPointerException in IC check 0x000001fc3d53a8e0
Event: 20.621 Thread 0x000001fc3bb28800 Exception <a 'java/lang/NullPointerException'> (0x00000000ec41f720) thrown at [C:\jenkins\workspace\8-2-build-windows-amd64-cygwin\jdk8u271\605\hotspot\src\share\vm\runtime\sharedRuntime.cpp, line 609]
Event: 20.622 Thread 0x000001fc3bb28800 NullPointerException in IC check 0x000001fc3d53a8e0
Event: 20.623 Thread 0x000001fc3bb28800 Exception <a 'java/lang/NullPointerException'> (0x00000000ec451638) thrown at [C:\jenkins\workspace\8-2-build-windows-amd64-cygwin\jdk8u271\605\hotspot\src\share\vm\runtime\sharedRuntime.cpp, line 609]
Event: 20.625 Thread 0x000001fc3bb28800 NullPointerException in IC check 0x000001fc3d53a8e0
Event: 20.625 Thread 0x000001fc3bb28800 Exception <a 'java/lang/NullPointerException'> (0x00000000ec486370) thrown at [C:\jenkins\workspace\8-2-build-windows-amd64-cygwin\jdk8u271\605\hotspot\src\share\vm\runtime\sharedRuntime.cpp, line 609]
Event: 20.627 Thread 0x000001fc3bb28800 NullPointerException in IC check 0x000001fc3d53a8e0
Event: 20.627 Thread 0x000001fc3bb28800 Exception <a 'java/lang/NullPointerException'> (0x00000000ec4bb190) thrown at [C:\jenkins\workspace\8-2-build-windows-amd64-cygwin\jdk8u271\605\hotspot\src\share\vm\runtime\sharedRuntime.cpp, line 609]

Events (10 events):
Event: 24.995 Thread 0x000001fc4fa95000 flushing nmethod 0x000001fc3d530790
Event: 24.995 Thread 0x000001fc4fa95000 flushing nmethod 0x000001fc3d530b10
Event: 24.995 Thread 0x000001fc4fa95000 flushing nmethod 0x000001fc3d5311d0
Event: 24.997 Executing VM operation: ForceSafepoint
Event: 25.005 Executing VM operation: ForceSafepoint done
Event: 25.009 Thread 0x000001fc4fa95000 flushing nmethod 0x000001fc3ddf1050
Event: 25.009 Thread 0x000001fc4fa95000 flushing nmethod 0x000001fc3de0c310
Event: 25.010 Thread 0x000001fc4fa95000 flushing nmethod 0x000001fc3de1fd90
Event: 25.010 Thread 0x000001fc4fa95000 flushing nmethod 0x000001fc3de200d0
Event: 25.010 Thread 0x000001fc4fa95000 flushing nmethod 0x000001fc3de24610


Dynamic libraries:
0x00007ff65c6f0000 - 0x00007ff65c737000 	C:\Program Files\Java\jdk1.8.0_271\bin\java.exe
0x00007fff67c60000 - 0x00007fff67e50000 	C:\WINDOWS\SYSTEM32\ntdll.dll
0x00007fff668f0000 - 0x00007fff669a2000 	C:\WINDOWS\System32\KERNEL32.DLL
0x00007fff64be0000 - 0x00007fff64e85000 	C:\WINDOWS\System32\KERNELBASE.dll
0x00007fff65ec0000 - 0x00007fff65f63000 	C:\WINDOWS\System32\ADVAPI32.dll
0x00007fff66410000 - 0x00007fff664ae000 	C:\WINDOWS\System32\msvcrt.dll
0x00007fff667d0000 - 0x00007fff66867000 	C:\WINDOWS\System32\sechost.dll
0x00007fff66640000 - 0x00007fff66760000 	C:\WINDOWS\System32\RPCRT4.dll
0x00007fff67a10000 - 0x00007fff67ba4000 	C:\WINDOWS\System32\USER32.dll
0x00007fff64f40000 - 0x00007fff64f61000 	C:\WINDOWS\System32\win32u.dll
0x00007fff66260000 - 0x00007fff66286000 	C:\WINDOWS\System32\GDI32.dll
0x00007fff65920000 - 0x00007fff65ab6000 	C:\WINDOWS\System32\gdi32full.dll
0x00007fff65090000 - 0x00007fff6512e000 	C:\WINDOWS\System32\msvcp_win.dll
0x00007fff64f90000 - 0x00007fff6508a000 	C:\WINDOWS\System32\ucrtbase.dll
0x00007fff543d0000 - 0x00007fff54654000 	C:\WINDOWS\WinSxS\amd64_microsoft.windows.common-controls_6595b64144ccf1df_6.0.18362.1198_none_9e820b57e45ad92f\COMCTL32.dll
0x00007fff67570000 - 0x00007fff678a5000 	C:\WINDOWS\System32\combase.dll
0x00007fff64ec0000 - 0x00007fff64f40000 	C:\WINDOWS\System32\bcryptPrimitives.dll
0x00007fff66150000 - 0x00007fff6617e000 	C:\WINDOWS\System32\IMM32.DLL
0x00007fff56a90000 - 0x00007fff56aa5000 	C:\Program Files\Java\jdk1.8.0_271\jre\bin\vcruntime140.dll
0x00007fff51910000 - 0x00007fff519ab000 	C:\Program Files\Java\jdk1.8.0_271\jre\bin\msvcp140.dll
0x0000000056010000 - 0x000000005687f000 	C:\Program Files\Java\jdk1.8.0_271\jre\bin\server\jvm.dll
0x00007fff662a0000 - 0x00007fff662a8000 	C:\WINDOWS\System32\PSAPI.DLL
0x00007fff63630000 - 0x00007fff63639000 	C:\WINDOWS\SYSTEM32\WSOCK32.dll
0x00007fff66760000 - 0x00007fff667cf000 	C:\WINDOWS\System32\WS2_32.dll
0x00007fff62410000 - 0x00007fff62434000 	C:\WINDOWS\SYSTEM32\WINMM.dll
0x00007fff557b0000 - 0x00007fff557ba000 	C:\WINDOWS\SYSTEM32\VERSION.dll
0x00007fff623e0000 - 0x00007fff6240d000 	C:\WINDOWS\SYSTEM32\WINMMBASE.dll
0x00007fff65cc0000 - 0x00007fff65d0a000 	C:\WINDOWS\System32\cfgmgr32.dll
0x00007fff64b20000 - 0x00007fff64b31000 	C:\WINDOWS\System32\kernel.appcore.dll
0x00007fff5d740000 - 0x00007fff5d750000 	C:\Program Files\Java\jdk1.8.0_271\jre\bin\verify.dll
0x00007fff56a60000 - 0x00007fff56a8b000 	C:\Program Files\Java\jdk1.8.0_271\jre\bin\java.dll
0x00007fff563f0000 - 0x00007fff56420000 	C:\Program Files\Java\jdk1.8.0_271\jre\bin\instrument.dll
0x00007fff569b0000 - 0x00007fff569c8000 	C:\Program Files\Java\jdk1.8.0_271\jre\bin\zip.dll
0x00007fff669b0000 - 0x00007fff67097000 	C:\WINDOWS\System32\SHELL32.dll
0x00007fff65f70000 - 0x00007fff66019000 	C:\WINDOWS\System32\shcore.dll
0x00007fff65190000 - 0x00007fff65911000 	C:\WINDOWS\System32\windows.storage.dll
0x00007fff64bb0000 - 0x00007fff64bd3000 	C:\WINDOWS\System32\profapi.dll
0x00007fff64b40000 - 0x00007fff64b8a000 	C:\WINDOWS\System32\powrprof.dll
0x00007fff64b10000 - 0x00007fff64b20000 	C:\WINDOWS\System32\UMPDC.dll
0x00007fff670a0000 - 0x00007fff670f2000 	C:\WINDOWS\System32\shlwapi.dll
0x00007fff64f70000 - 0x00007fff64f87000 	C:\WINDOWS\System32\cryptsp.dll
0x00007fff54c60000 - 0x00007fff54c7a000 	C:\Program Files\JetBrains\IntelliJ IDEA Community Edition 2020.2.3\bin\breakgen64.dll
0x00007fff549f0000 - 0x00007fff54a0c000 	C:\Program Files\Java\jdk1.8.0_271\jre\bin\net.dll
0x00007fff64300000 - 0x00007fff64367000 	C:\WINDOWS\system32\mswsock.dll
0x00007fff63e70000 - 0x00007fff63ea3000 	C:\WINDOWS\system32\rsaenh.dll
0x00007fff64e90000 - 0x00007fff64eb6000 	C:\WINDOWS\System32\bcrypt.dll
0x00007fff64a30000 - 0x00007fff64a55000 	C:\WINDOWS\SYSTEM32\USERENV.dll
0x00007fff644d0000 - 0x00007fff644dc000 	C:\WINDOWS\SYSTEM32\CRYPTBASE.dll
0x00007fff64010000 - 0x00007fff6404a000 	C:\WINDOWS\SYSTEM32\IPHLPAPI.DLL
0x00007fff66560000 - 0x00007fff66568000 	C:\WINDOWS\System32\NSI.dll
0x00007fff55dd0000 - 0x00007fff55de6000 	C:\WINDOWS\SYSTEM32\dhcpcsvc6.DLL
0x00007fff56000000 - 0x00007fff5601c000 	C:\WINDOWS\SYSTEM32\dhcpcsvc.DLL
0x00007fff64060000 - 0x00007fff6412b000 	C:\WINDOWS\SYSTEM32\DNSAPI.dll
0x00007fff527d0000 - 0x00007fff527e3000 	C:\Program Files\Java\jdk1.8.0_271\jre\bin\nio.dll
0x00007fff5a300000 - 0x00007fff5a30a000 	C:\Users\sergiu\AppData\Local\Temp\jansi-1.17.1-7668731125326419481.dll
0x00007fff55ed0000 - 0x00007fff55eda000 	C:\Users\sergiu\AppData\Local\Temp\jansi-1.17.1-1168938439475203604.dll

VM Arguments:
jvm_args: -Dmaven.multiModuleProjectDirectory=C:\Users\sergiu\Desktop\trivia-maven\trivia-maven -Dmaven.home=C:\Program Files\JetBrains\IntelliJ IDEA Community Edition 2020.2.3\plugins\maven\lib\maven3 -Dclassworlds.conf=C:\Program Files\JetBrains\IntelliJ IDEA Community Edition 2020.2.3\plugins\maven\lib\maven3\bin\m2.conf -Dmaven.ext.class.path=C:\Program Files\JetBrains\IntelliJ IDEA Community Edition 2020.2.3\plugins\maven\lib\maven-event-listener.jar -javaagent:C:\Program Files\JetBrains\IntelliJ IDEA Community Edition 2020.2.3\lib\idea_rt.jar=61756:C:\Program Files\JetBrains\IntelliJ IDEA Community Edition 2020.2.3\bin -Dfile.encoding=UTF-8 
java_command: org.codehaus.classworlds.Launcher -Didea.version=2020.2.4 compile
java_class_path (initial): C:\Program Files\JetBrains\IntelliJ IDEA Community Edition 2020.2.3\plugins\maven\lib\maven3\boot\plexus-classworlds-2.6.0.jar;C:\Program Files\JetBrains\IntelliJ IDEA Community Edition 2020.2.3\plugins\maven\lib\maven3\boot\plexus-classworlds.license;C:\Program Files\JetBrains\IntelliJ IDEA Community Edition 2020.2.3\lib\idea_rt.jar
Launcher Type: SUN_STANDARD

Environment Variables:
JAVA_HOME=C:\Program Files\Java\jdk1.8.0_271
PATH=C:\Program Files\Java\jdk1.8.0_271\bin;C:\WINDOWS\system32;C:\WINDOWS;C:\WINDOWS\System32\Wbem;C:\WINDOWS\System32\WindowsPowerShell\v1.0\;C:\Program Files\Git\cmd;C:\Users\sergiu\AppData\Local\Microsoft\WindowsApps;;C:\Program Files\JetBrains\IntelliJ IDEA Community Edition 2020.2.3\bin;
USERNAME=sergiu
OS=Windows_NT
PROCESSOR_IDENTIFIER=Intel64 Family 6 Model 76 Stepping 4, GenuineIntel



---------------  S Y S T E M  ---------------

OS: Windows 10.0 , 64 bit Build 18362 (10.0.18362.1110)

CPU:total 2 (initial active 2) (2 cores per cpu, 1 threads per core) family 6 model 76 stepping 4, cmov, cx8, fxsr, mmx, sse, sse2, sse3, ssse3, sse4.1, sse4.2, popcnt, aes, clmul, erms, 3dnowpref, tsc, tscinvbit

Memory: 4k page, physical 4032784k(332392k free), swap 4032784k(4108k free)

vm_info: Java HotSpot(TM) 64-Bit Server VM (25.271-b09) for windows-amd64 JRE (1.8.0_271-b09), built on Sep 16 2020 19:14:59 by "" with MS VC++ 15.9 (VS2017)

time: Sun Feb 28 21:00:41 2021
timezone: W. Europe Standard Time
elapsed time: 25.075487 seconds (0d 0h 0m 25s)

